<?xml version="1.0" encoding="UTF-8"?>
<!-- Generated by org.testng.reporters.JUnitReportReporter -->
<testsuite hostname="Maggies-MBP-2.home.local" failures="0" tests="2" name="com.examples.testRunner.TestNGRunner" time="38.384" errors="0" timestamp="2025-05-19T13:13:31 CDT" skipped="0">
  <testcase classname="com.examples.testRunner.TestNGRunner" name="runScenario" time="19.114"/>
  <testcase classname="com.examples.testRunner.TestNGRunner" name="runScenario" time="19.270"/>
</testsuite> <!-- com.examples.testRunner.TestNGRunner -->
