<?xml version="1.0" encoding="UTF-8"?>
<!-- Generated by org.testng.reporters.JUnitReportReporter -->
<testsuite hostname="Maggies-MBP-2.home.local" failures="0" tests="8" name="com.examples.cucumberOptions.TestNGRunner" time="178.822" errors="0" timestamp="2025-05-19T10:16:18 CDT" skipped="0">
  <testcase classname="com.examples.cucumberOptions.TestNGRunner" name="runScenario" time="15.288"/>
  <testcase classname="com.examples.cucumberOptions.TestNGRunner" name="runScenario" time="23.478"/>
  <testcase classname="com.examples.cucumberOptions.TestNGRunner" name="runScenario" time="26.077"/>
  <testcase classname="com.examples.cucumberOptions.TestNGRunner" name="runScenario" time="26.583"/>
  <testcase classname="com.examples.cucumberOptions.TestNGRunner" name="runScenario" time="30.027"/>
  <testcase classname="com.examples.cucumberOptions.TestNGRunner" name="runScenario" time="26.197"/>
  <testcase classname="com.examples.cucumberOptions.TestNGRunner" name="runScenario" time="14.651"/>
  <testcase classname="com.examples.cucumberOptions.TestNGRunner" name="runScenario" time="16.521"/>
</testsuite> <!-- com.examples.cucumberOptions.TestNGRunner -->
